https://i.imgur.com/9N1Q4Bm.jpg
https://i.imgur.com/9N1Q4Bm.jpg
https://i.imgur.com/9N1Q4Bm.jpg
https://i.imgur.com/9N1Q4Bm.jpg
https://i.redd.it/r1lfqc8k2whz.jpg
https://i.redd.it/lgo6ga9t6whz.jpg
https://www.space.com/22729-voyager-1-spacecraft-interstellar-space.html
https://i.redd.it/yda5lv7knyhz.jpg
http://i.imgur.com/EJqMPWQ.gifv
http://i.imgur.com/YzRef7B.jpg
https://i.redd.it/z8xjvnrdbwhz.jpg
https://i.redd.it/6x7mmp3q5xhz.jpg
https://i.redd.it/6x7mmp3q5xhz.jpg
https://i.imgur.com/AevijX6.jpg
https://www.flickr.com/photos/lookseeseen/35913886393/
http://i.imgur.com/UQWsVAX.jpg
http://imgur.com/Ypvc1UQ
http://i.imgur.com/CdTyefo.jpg
http://imgur.com/lT9D0DI
https://i.redd.it/75q814il9nhz.jpg